#
# A fatal error has been detected by the Java Runtime Environment:
#
#  EXCEPTION_ACCESS_VIOLATION (0xc0000005) at pc=0x00007fff6726f011, pid=11748, tid=2868
#
# JRE version: Java(TM) SE Runtime Environment (25.0.1+8) (build 25.0.1+8-LTS-27)
# Java VM: Java HotSpot(TM) 64-Bit Server VM (25.0.1+8-LTS-27, mixed mode, sharing, tiered, compressed oops, compressed class ptrs, g1 gc, windows-amd64)
# Problematic frame:
# C  [awt.dll+0xdf011]
#
# No core dump will be written. Minidumps are not enabled by default on client versions of Windows
#
# If you would like to submit a bug report, please visit:
#   https://bugreport.java.com/bugreport/crash.jsp
# The crash happened outside the Java Virtual Machine in native code.
# See problematic frame for where to report the bug.
#

---------------  S U M M A R Y ------------

Command Line: -javaagent:C:\Program Files\JetBrains\IntelliJ IDEA Community Edition 2025.2.5\lib\idea_rt.jar=61884 -Dfile.encoding=UTF-8 -Dsun.stdout.encoding=UTF-8 -Dsun.stderr.encoding=UTF-8 layoutManagers.GridBagLayoutExample

Host: Intel(R) Core(TM) i7-10610U CPU @ 1.80GHz, 8 cores, 15G,  Windows 11 , 64 bit Build 26100 (10.0.26100.7920)
Time: Sun Mar 22 08:04:18 2026 Nepal Standard Time elapsed time: 2792.707113 seconds (0d 0h 46m 32s)

---------------  T H R E A D  ---------------

Current thread (0x00000252b7300cd0):  JavaThread "AWT-Windows" daemon [_thread_in_native, id=2868, stack(0x00000071eb800000,0x00000071eb900000) (1024K)]

Stack: [0x00000071eb800000,0x00000071eb900000],  sp=0x00000071eb8fe7d0,  free space=1017k
Native frames: (J=compiled Java code, j=interpreted, Vv=VM code, C=native code)
C  [awt.dll+0xdf011]  (no source info available)
C  [awt.dll+0x98b2c]  (no source info available)
C  [awt.dll+0x98bd6]  (no source info available)
C  [awt.dll+0x95f59]  (no source info available)
C  [awt.dll+0xe373b]  (no source info available)
C  [awt.dll+0xb2e4d]  (no source info available)
C  [awt.dll+0x99110]  (no source info available)
C  [USER32.dll+0xc396]  (no source info available)
C  [USER32.dll+0xbe5c]  (no source info available)
C  [awt.dll+0x16613]  (no source info available)
C  [COMCTL32.dll+0x2cec8]  (no source info available)
C  [COMCTL32.dll+0x2cc9f]  (no source info available)
C  [USER32.dll+0xc396]  (no source info available)
C  [USER32.dll+0xa7ed]  (no source info available)
C  [awt.dll+0xd839e]  (no source info available)
C  [awt.dll+0xda2c2]  (no source info available)
C  0x00000252a32ed193  (no source info available)

The last pc belongs to native method entry point (kind = native) (printed below).
Java frames: (J=compiled Java code, j=interpreted, Vv=VM code)
j  sun.awt.windows.WToolkit.eventLoop()V+0 java.desktop@25.0.1
j  sun.awt.windows.WToolkit.run()V+56 java.desktop@25.0.1
j  java.lang.Thread.runWith(Ljava/lang/Object;Ljava/lang/Runnable;)V+5 java.base@25.0.1
j  java.lang.Thread.run()V+19 java.base@25.0.1
v  ~StubRoutines::call_stub 0x00000252a32e12ed

siginfo: EXCEPTION_ACCESS_VIOLATION (0xc0000005), reading address 0x00000bbb00000009


Registers:
RAX=0x00000bbb00000001, RBX=0x00000252b2d61f70, RCX=0x0000000000000000, RDX=0x0000000000000000
RSP=0x00000071eb8fe7d0, RBP=0x00000071eb8fe8e9, RSI=0x000000005c010af0, RDI=0x0000000000000000
R8 =0x0000000000000001, R9 =0x00000071e9f42000, R10=0x0000000000000000, R11=0x0000000000000246
R12=0x0000000000000000, R13=0x0000000000000001, R14=0x00000252b7456980, R15=0x0000000000000000
RIP=0x00007fff6726f011, EFLAGS=0x0000000000010246

XMM[0]=0x0000000000000000 0x0000000000000000
XMM[1]=0x0000000000000000 0x0000000000000000
XMM[2]=0x0000000000000000 0x0000000000000000
XMM[3]=0x0000000000000000 0x0000000000000000
XMM[4]=0x0000000000000000 0x0000000000000000
XMM[5]=0x0000000000000000 0x0000000000000000
XMM[6]=0x0000000000000000 0x0000000000000000
XMM[7]=0x0000000000000000 0x0000000000000000
XMM[8]=0x0000000000000000 0x0000000000000000
XMM[9]=0x0000000000000000 0x0000000000000000
XMM[10]=0x0000000000000000 0x0000000000000000
XMM[11]=0x0000000000000000 0x0000000000000000
XMM[12]=0x0000000000000000 0x0000000000000000
XMM[13]=0x0000000000000000 0x0000000000000000
XMM[14]=0x0000000000000000 0x0000000000000000
XMM[15]=0x0000000000000000 0x0000000000000000
  MXCSR=0x00001fa0


Register to memory mapping:

RAX=0x00000bbb00000001 is an unknown value
RBX=0x00000252b2d61f70 points into unknown readable memory: 0x00000252b2d47c20 | 20 7c d4 b2 52 02 00 00
RCX=0x0 is null
RDX=0x0 is null
RSP=0x00000071eb8fe7d0 is pointing into the stack for thread: 0x00000252b7300cd0
RBP=0x00000071eb8fe8e9 is pointing into the stack for thread: 0x00000252b7300cd0
RSI=0x000000005c010af0 is an unknown value
RDI=0x0 is null
R8 =0x0000000000000001 is an unknown value
R9 =0x00000071e9f42000 points into unknown readable memory: 0x0000000000000000 | 00 00 00 00 00 00 00 00
R10=0x0 is null
R11=0x0000000000000246 is an unknown value
R12=0x0 is null
R13=0x0000000000000001 is an unknown value
R14=0x00000252b7456980 points into unknown readable memory: 0x00007fff6729e8e0 | e0 e8 29 67 ff 7f 00 00
R15=0x0 is null

Top of Stack: (sp=0x00000071eb8fe7d0)
0x00000071eb8fe7d0:   00007fff672cc838 000000005c010af0   8.,g.......\....
0x00000071eb8fe7e0:   00000252b7456980 00000252b7301118   .iE.R.....0.R...
0x00000071eb8fe7f0:   0000000000000000 00007fff67228b2c   ........,."g....
0x00000071eb8fe800:   000000005c010af0 00000252b7456980   ...\.....iE.R...
0x00000071eb8fe810:   00000252b2d61f70 00007fff671a6613   p...R....f.g....
0x00000071eb8fe820:   00000252b7301118 00007fff67228bd6   ..0.R....."g....
0x00000071eb8fe830:   00000252b7456a20 0000000000000001    jE.R...........
0x00000071eb8fe840:   0000000000000000 000000000000002f   ......../.......
0x00000071eb8fe850:   00000252b7301118 00007fff67225f59   ..0.R...Y_"g....
0x00000071eb8fe860:   00000252b7456a20 00000071eb8fe944    jE.R...D...q...
0x00000071eb8fe870:   0000000000000000 0000000000000000   ................
0x00000071eb8fe880:   00007fff672290b0 00007fff8abda46e   .."g....n.......
0x00000071eb8fe890:   00000252b7300cd0 00007fff8996d359   ..0.R...Y.......
0x00000071eb8fe8a0:   0000007100000310 0000000000000000   ....q...........
0x00000071eb8fe8b0:   00000071eb8fe944 0000000000000000   D...q...........
0x00000071eb8fe8c0:   0000000000000000 0000000000000000   ................
0x00000071eb8fe8d0:   00000252b7456a20 00000252b7301118    jE.R.....0.R...
0x00000071eb8fe8e0:   0000000000000000 0000000000000000   ................
0x00000071eb8fe8f0:   0000b5443a5b70a4 0000000000000000   .p[:D...........
0x00000071eb8fe900:   0000000000000000 0000000000000000   ................
0x00000071eb8fe910:   0000000000000000 0000000000000000   ................
0x00000071eb8fe920:   0000000000000000 0000000000000310   ................
0x00000071eb8fe930:   0000000000000000 00000252b7456980   .........iE.R...
0x00000071eb8fe940:   00000252b7456980 00007fff6727373b   .iE.R...;7'g....
0x00000071eb8fe950:   0000000000000000 00009873a0a263e4   .........c..s...
0x00000071eb8fe960:   00006567d30ca2af 0000000000000022   ....ge..".......
0x00000071eb8fe970:   000000000000c09b 0000000000000000   ................
0x00000071eb8fe980:   0000000000000000 00007fff8993c569   ........i.......
0x00000071eb8fe990:   0000000000000000 0000000000000001   ................
0x00000071eb8fe9a0:   0000000000000022 00007fff8abca6af   "...............
0x00000071eb8fe9b0:   00000000000603ba 00007fff8993d7ba   ................
0x00000071eb8fe9c0:   ffffffffffffffeb 0000b5443a5b7194   .........q[:D...

Instructions: (pc=0x00007fff6726f011)
  0x00007fff6726ef11:   83 ec 28 66 0f 6e c2 0f 5b c0 f3 0f 59 41 48 0f
  0x00007fff6726ef21:   5a c8 f2 0f 10 05 cd 3c 03 00 f2 0f 5c 0d 05 3d
  0x00007fff6726ef31:   01 00 66 0f 2f c1 76 0a b8 00 00 00 80 48 83 c4
  0x00007fff6726ef41:   28 c3 66 0f 2f 0d 75 86 02 00 76 0a b8 ff ff ff
  0x00007fff6726ef51:   7f 48 83 c4 28 c3 0f 28 c1 e8 5b 07 01 00 f2 0f
  0x00007fff6726ef61:   2c c0 48 83 c4 28 c3 cc cc cc cc cc cc cc cc 48
  0x00007fff6726ef71:   83 ec 28 66 0f 6e c2 0f 5b c0 f3 0f 59 41 4c 0f
  0x00007fff6726ef81:   5a c8 f2 0f 10 05 6d 3c 03 00 f2 0f 5c 0d a5 3c
  0x00007fff6726ef91:   01 00 66 0f 2f c1 76 0a b8 00 00 00 80 48 83 c4
  0x00007fff6726efa1:   28 c3 66 0f 2f 0d 15 86 02 00 76 0a b8 ff ff ff
  0x00007fff6726efb1:   7f 48 83 c4 28 c3 0f 28 c1 e8 fb 06 01 00 f2 0f
  0x00007fff6726efc1:   2c c0 48 83 c4 28 c3 cc cc cc cc cc cc cc cc 48
  0x00007fff6726efd1:   8b 49 08 48 85 c9 0f 85 63 78 fe ff 33 c0 c3 48
  0x00007fff6726efe1:   89 5c 24 08 48 89 74 24 10 57 48 83 ec 20 8b fa
  0x00007fff6726eff1:   48 8b f1 e8 b7 93 f4 ff 48 8b d8 48 89 44 24 40
  0x00007fff6726f001:   41 b8 01 00 00 00 8b d7 48 8b c8 e8 0f 93 f4 ff
=>0x00007fff6726f011:   48 8b 48 08 48 85 c9 74 0d 48 8b d6 e8 1e 78 fe
  0x00007fff6726f021:   ff 48 8b f8 eb 02 33 ff 48 8b cb e8 3f 95 f4 ff
  0x00007fff6726f031:   90 48 8b c7 48 8b 5c 24 30 48 8b 74 24 38 48 83
  0x00007fff6726f041:   c4 20 5f c3 cc cc cc cc cc cc cc cc cc cc cc 48
  0x00007fff6726f051:   8b 01 89 10 c3 cc cc cc cc cc cc cc cc cc cc 40
  0x00007fff6726f061:   57 48 83 ec 40 48 83 79 38 00 48 8b f9 0f 84 b9
  0x00007fff6726f071:   01 00 00 48 8b 0d 85 9e 06 00 ba 02 00 01 00 48
  0x00007fff6726f081:   89 5c 24 58 48 89 74 24 68 e8 d0 ce 00 00 4c 8b
  0x00007fff6726f091:   05 b2 a3 06 00 48 8b c8 48 8b 57 38 48 8b d8 4c
  0x00007fff6726f0a1:   8b 08 4d 8b 91 f8 02 00 00 41 ff d2 48 8b f0 48
  0x00007fff6726f0b1:   85 c0 0f 84 6a 01 00 00 48 8b 0b 48 8b d0 4c 8b
  0x00007fff6726f0c1:   05 72 a3 06 00 4c 8b 89 00 01 00 00 48 8b cb 41
  0x00007fff6726f0d1:   ff d1 84 c0 0f 84 48 01 00 00 48 8b 03 48 8b d6
  0x00007fff6726f0e1:   48 8b 7f 08 48 8b cb 4c 8b 05 61 a3 06 00 48 81
  0x00007fff6726f0f1:   c7 00 04 00 00 48 89 6c 24 60 4c 8b 88 f8 02 00
  0x00007fff6726f101:   00 4c 89 64 24 38 41 ff d1 48 8b 0b 48 8b d6 4c


Stack slot to memory mapping:

stack at sp + 0 slots: 0x00007fff672cc838 awt.dll
stack at sp + 1 slots: 0x000000005c010af0 is an unknown value
stack at sp + 2 slots: 0x00000252b7456980 points into unknown readable memory: 0x00007fff6729e8e0 | e0 e8 29 67 ff 7f 00 00
stack at sp + 3 slots: 0x00000252b7301118 points into unknown readable memory: 0x00007ffee85b6b50 | 50 6b 5b e8 fe 7f 00 00
stack at sp + 4 slots: 0x0 is null
stack at sp + 5 slots: 0x00007fff67228b2c awt.dll
stack at sp + 6 slots: 0x000000005c010af0 is an unknown value
stack at sp + 7 slots: 0x00000252b7456980 points into unknown readable memory: 0x00007fff6729e8e0 | e0 e8 29 67 ff 7f 00 00

Lock stack of current Java thread (top to bottom):

native method entry point (kind = native)  [0x00000252a32ecdc0, 0x00000252a32ed8b8]  2808 bytes
[MachCode]
  0x00000252a32ecdc0: 488b 4b08 | 0fb7 492e | 584c 8d74 | ccf8 6800 | 0000 0068 | 0000 0000 | 5055 488b | ec41 5548 
  0x00000252a32ecde0: 8b43 084c | 8d68 3848 | 8b40 0868 | 0000 0000 | 5348 8b50 | 1848 8b52 | 7048 8b12 | 5248 8b53 
  0x00000252a32ece00: 1048 85d2 | 7407 4881 | c2d0 0000 | 0052 488b | 5010 5249 | 8bc6 482b | c548 c1e8 | 0350 6800 
  0x00000252a32ece20: 0000 0068 | f7ff ffff | 41c6 87f1 | 0400 0001 | 488b 4310 | 4885 c074 | 208b 8890 | 0000 0083 
  0x00000252a32ece40: c102 8988 | 9000 0000 | 2388 a400 | 0000 0f84 | b209 0000 | e9cf 0000 | 0048 8b43 | 1848 85c0 
  0x00000252a32ece60: 0f85 b000 | 0000 e805 | 0000 00e9 | 9900 0000 | 488b d348 | 8d44 2408 | 4c89 6dc0 | 498b cfc5 
  0x00000252a32ece80: f877 4989 | af38 0400 | 0049 8987 | 2804 0000 | 4883 ec20 | 40f6 c40f | 0f84 1900 | 0000 4883 
  0x00000252a32ecea0: ec08 48b8 | 401f d4e7 | fe7f 0000 | ffd0 4883 | c408 e90c | 0000 0048 | b840 1fd4 | e7fe 7f00 
  0x00000252a32ecec0: 00ff d048 | 83c4 2049 | c787 2804 | 0000 0000 | 0000 49c7 | 8738 0400 | 0000 0000 | 0049 c787 
  0x00000252a32ecee0: 3004 0000 | 0000 0000 | c5f8 7749 | 837f 0800 | 0f84 0500 | 0000 e9e5 | 42ff ff4c | 8b6d c04c 
  0x00000252a32ecf00: 8b75 c84e | 8d74 f500 | c348 8b43 | 1848 85c0 | 0f84 1200 | 0000 8b48 | 0883 c102 | 8948 0823 
  0x00000252a32ecf20: 482c 0f84 | de08 0000 | 493b a770 | 0500 000f | 8748 0000 | 0089 8424 | 00f0 ffff | 8984 2400 
  0x00000252a32ecf40: e0ff ff89 | 8424 00d0 | ffff 8984 | 2400 c0ff | ff89 8424 | 00b0 ffff | 8984 2400 | a0ff ff89 
  0x00000252a32ecf60: 8424 0090 | ffff 8984 | 2400 80ff | ff49 3ba7 | 6805 0000 | 7607 4989 | a770 0500 | 0041 c687 
  0x00000252a32ecf80: f104 0000 | 0048 8b5d | e84c 8b5b | 0845 0fb7 | 5b2e 41c1 | e303 492b | e348 83ec | 2048 83e4 
  0x00000252a32ecfa0: f04c 8b5b | 604d 85db | 0f85 ab00 | 0000 e805 | 0000 00e9 | 9900 0000 | 488b d348 | 8d44 2408 
  0x00000252a32ecfc0: 4c89 6dc0 | 498b cfc5 | f877 4989 | af38 0400 | 0049 8987 | 2804 0000 | 4883 ec20 | 40f6 c40f 
  0x00000252a32ecfe0: 0f84 1900 | 0000 4883 | ec08 48b8 | 7048 d4e7 | fe7f 0000 | ffd0 4883 | c408 e90c | 0000 0048 
  0x00000252a32ed000: b870 48d4 | e7fe 7f00 | 00ff d048 | 83c4 2049 | c787 2804 | 0000 0000 | 0000 49c7 | 8738 0400 
  0x00000252a32ed020: 0000 0000 | 0049 c787 | 3004 0000 | 0000 0000 | c5f8 7749 | 837f 0800 | 0f84 0500 | 0000 e99d 
  0x00000252a32ed040: 41ff ff4c | 8b6d c04c | 8b75 c84e | 8d74 f500 | c348 8b5d | e84c 8b5b | 6041 ffd3 | 488b 5de8 
  0x00000252a32ed060: 4889 4518 | 440f b75b | 2c41 f6c3 | 080f 841b | 0000 004c | 8b5b 084d | 8b5b 084d | 8b5b 184d 
  0x00000252a32ed080: 8b5b 704d | 8b1b 4c89 | 5d10 488d | 5510 488b | 4358 49ba | a00f 0fe8 | fe7f 0000 | 493b c20f 
  0x00000252a32ed0a0: 85ab 0000 | 00e8 0500 | 0000 e999 | 0000 0048 | 8bd3 488d | 4424 084c | 896d c049 | 8bcf c5f8 
  0x00000252a32ed0c0: 7749 89af | 3804 0000 | 4989 8728 | 0400 0048 | 83ec 2040 | f6c4 0f0f | 8419 0000 | 0048 83ec 
  0x00000252a32ed0e0: 0848 b870 | 48d4 e7fe | 7f00 00ff | d048 83c4 | 08e9 0c00 | 0000 48b8 | 7048 d4e7 | fe7f 0000 
  0x00000252a32ed100: ffd0 4883 | c420 49c7 | 8728 0400 | 0000 0000 | 0049 c787 | 3804 0000 | 0000 0000 | 49c7 8730 
  0x00000252a32ed120: 0400 0000 | 0000 00c5 | f877 4983 | 7f08 000f | 8405 0000 | 00e9 a640 | ffff 4c8b | 6dc0 4c8b 
  0x00000252a32ed140: 75c8 4e8d | 74f5 00c3 | 488b 5de8 | 488b 4358 | 498d 8f48 | 0400 004c | 8d15 d500 | 0000 4d89 
  0x00000252a32ed160: 9730 0400 | 00c5 f877 | 4989 af38 | 0400 0049 | 89a7 2804 | 0000 41c7 | 87d4 0400 | 0004 0000 
  0x00000252a32ed180: 0049 3ba7 | c805 0000 | 7607 4989 | a7c8 0500 | 00ff d049 | 3ba7 c805 | 0000 720b | 49c7 87c8 
  0x00000252a32ed1a0: 0500 0000 | 0000 00c5 | f877 4883 | ec10 c5fb | 1104 2448 | 83ec 1048 | 8904 2448 | c744 2408 
  0x00000252a32ed1c0: 0000 0000 | 41c7 87d4 | 0400 0005 | 0000 00f0 | 8344 24c0 | 0049 3b6f | 280f 870e | 0000 0041 
  0x00000252a32ed1e0: 83bf d004 | 0000 000f | 8420 0000 | 0049 8bcf | 4c8b e448 | 83ec 2048 | 83e4 f048 | b8a0 acd5 
  0x00000252a32ed200: e7fe 7f00 | 00ff d049 | 8be4 4d33 | e441 c787 | d404 0000 | 0800 0000 | 4d8b 97f0 | 0500 0049 
  0x00000252a32ed220: 83fa 0074 | 3549 c787 | f005 0000 | 0000 0000 | 41ff e249 | ba60 be2e | a352 0200 | 0041 ffd2 
  0x00000252a32ed240: 4883 ec10 | c5fb 1104 | 2448 83ec | 1048 8904 | 2448 c744 | 2408 0000 | 0000 49c7 | 8728 0400 
  0x00000252a32ed260: 0000 0000 | 0049 c787 | 3804 0000 | 0000 0000 | 49c7 8730 | 0400 0000 | 0000 00c5 | f877 4d8b 
  0x00000252a32ed280: 9fb8 0400 | 0041 c783 | 0001 0000 | 0000 0000 | 49bb 5aa7 | 2ea3 5202 | 0000 4c3b | 5d18 0f85 
  0x00000252a32ed2a0: 5501 0000 | 488b 0424 | 4883 c410 | 4885 c00f | 842f 0100 | 00a8 030f | 8508 0000 | 0048 8b00 
  0x00000252a32ed2c0: e91f 0100 | 00a8 010f | 8509 0000 | 0048 8b40 | fee9 0e01 | 0000 488b | 40ff 4180 | 7f48 000f 
  0x00000252a32ed2e0: 84ff 0000 | 0048 83f8 | 000f 84f5 | 0000 004d | 8b5f 384d | 85db 0f84 | 1400 0000 | 4983 eb08 
  0x00000252a32ed300: 4d89 5f38 | 4d03 5f40 | 4989 03e9 | d400 0000 | 4883 ec70 | 4889 0424 | 4889 4c24 | 0848 8954 
  0x00000252a32ed320: 2410 4c89 | 4424 184c | 894c 2420 | 4c89 5424 | 284c 895c | 2430 c5fb | 1144 2440 | c5fb 114c 
  0x00000252a32ed340: 2448 c5fb | 1154 2450 | c5fb 115c | 2458 c5fb | 1164 2460 | c5fb 116c | 2468 498b | d748 8bc8 
  0x00000252a32ed360: 4883 ec20 | 40f6 c40f | 0f84 1900 | 0000 4883 | ec08 48b8 | 2076 c8e7 | fe7f 0000 | ffd0 4883 
  0x00000252a32ed380: c408 e90c | 0000 0048 | b820 76c8 | e7fe 7f00 | 00ff d048 | 83c4 20c5 | fb10 6c24 | 68c5 fb10 
  0x00000252a32ed3a0: 6424 60c5 | fb10 5c24 | 58c5 fb10 | 5424 50c5 | fb10 4c24 | 48c5 fb10 | 4424 404c | 8b5c 2430 
  0x00000252a32ed3c0: 4c8b 5424 | 284c 8b4c | 2420 4c8b | 4424 1848 | 8b54 2410 | 488b 4c24 | 0848 8b04 | 2448 83c4 
  0x00000252a32ed3e0: 70c5 f877 | 4889 4510 | 4883 ec10 | 4889 0424 | 48c7 4424 | 0800 0000 | 0041 83bf | 5005 0000 
  0x00000252a32ed400: 020f 85bf | 0000 0048 | 81ec 8000 | 0000 4889 | 4424 7848 | 894c 2470 | 4889 5424 | 6848 895c 
  0x00000252a32ed420: 2460 4889 | 6c24 5048 | 8974 2448 | 4889 7c24 | 404c 8944 | 2438 4c89 | 4c24 304c | 8954 2428 
  0x00000252a32ed440: 4c89 5c24 | 204c 8964 | 2418 4c89 | 6c24 104c | 8974 2408 | 4c89 3c24 | 4c8b e448 | 83ec 2048 
  0x00000252a32ed460: 83e4 f048 | b810 f70e | e8fe 7f00 | 00ff d049 | 8be4 4c8b | 3c24 4c8b | 7424 084c | 8b6c 2410 
  0x00000252a32ed480: 4c8b 6424 | 184c 8b5c | 2420 4c8b | 5424 284c | 8b4c 2430 | 4c8b 4424 | 3848 8b7c | 2440 488b 
  0x00000252a32ed4a0: 7424 4848 | 8b6c 2450 | 488b 5c24 | 6048 8b54 | 2468 488b | 4c24 7048 | 8b44 2478 | 4881 c480 
  0x00000252a32ed4c0: 0000 004d | 33e4 488b | 5de8 4c8b | 6b08 4d8d | 6d38 4983 | 7f08 000f | 84bb 0000 | 00e8 0500 
  0x00000252a32ed4e0: 0000 e996 | 0000 0048 | 8d44 2408 | 4c89 6dc0 | 498b cfc5 | f877 4989 | af38 0400 | 0049 8987 
  0x00000252a32ed500: 2804 0000 | 4883 ec20 | 40f6 c40f | 0f84 1900 | 0000 4883 | ec08 48b8 | b066 d4e7 | fe7f 0000 
  0x00000252a32ed520: ffd0 4883 | c408 e90c | 0000 0048 | b8b0 66d4 | e7fe 7f00 | 00ff d048 | 83c4 2049 | c787 2804 
  0x00000252a32ed540: 0000 0000 | 0000 49c7 | 8738 0400 | 0000 0000 | 0049 c787 | 3004 0000 | 0000 0000 | c5f8 7749 
  0x00000252a32ed560: 837f 0800 | 0f84 0500 | 0000 e971 | 3cff ff4c | 8b6d c04c | 8b75 c84e | 8d74 f500 | c348 b948 
  0x00000252a32ed580: 0838 e8fe | 7f00 0048 | 83e4 f048 | b800 8dfb | e7fe 7f00 | 00ff d0f4 | 440f b75b | 2c41 f6c3 
  0x00000252a32ed5a0: 200f 8472 | 0100 0048 | 8d55 a84c | 8b5a 084d | 85db 0f85 | bb00 0000 | e805 0000 | 00e9 9600 
  0x00000252a32ed5c0: 0000 488d | 4424 084c | 896d c049 | 8bcf c5f8 | 7749 89af | 3804 0000 | 4989 8728 | 0400 0048 
  0x00000252a32ed5e0: 83ec 2040 | f6c4 0f0f | 8419 0000 | 0048 83ec | 0848 b8e0 | 65d4 e7fe | 7f00 00ff | d048 83c4 
  0x00000252a32ed600: 08e9 0c00 | 0000 48b8 | e065 d4e7 | fe7f 0000 | ffd0 4883 | c420 49c7 | 8728 0400 | 0000 0000 
  0x00000252a32ed620: 0049 c787 | 3804 0000 | 0000 0000 | 49c7 8730 | 0400 0000 | 0000 00c5 | f877 4983 | 7f08 000f 
  0x00000252a32ed640: 8405 0000 | 00e9 963b | ffff 4c8b | 6dc0 4c8b | 75c8 4e8d | 74f5 00c3 | 48b9 4808 | 38e8 fe7f 
  0x00000252a32ed660: 0000 4883 | e4f0 48b8 | 008d fbe7 | fe7f 0000 | ffd0 f44c | 896d c04c | 8b4a 0848 | c742 0800 
  0x00000252a32ed680: 0000 0045 | 8b87 d806 | 0000 4f3b | 4c07 f80f | 8542 0000 | 0041 83af | d806 0000 | 084f 3b4c 
  0x00000252a32ed6a0: 07f0 0f84 | 2a00 0000 | 498b 01a8 | 020f 8512 | 0000 004c | 8bc0 4983 | c801 f04d | 0fb1 010f 
  0x00000252a32ed6c0: 840d 0000 | 0041 8387 | d806 0000 | 08e9 0500 | 0000 e93e | 0000 004c | 894a 0848 | 8bca 4883 
  0x00000252a32ed6e0: ec20 40f6 | c40f 0f84 | 1900 0000 | 4883 ec08 | 48b8 3038 | d4e7 fe7f | 0000 ffd0 | 4883 c408 
  0x00000252a32ed700: e90c 0000 | 0048 b830 | 38d4 e7fe | 7f00 00ff | d048 83c4 | 204c 8b6d | c041 c687 | 9603 0000 
  0x00000252a32ed720: 0149 3b6f | 280f 8705 | 0000 00e9 | ab00 0000 | 4883 ec10 | c5fb 1104 | 2448 83ec | 1048 8904 
  0x00000252a32ed740: 2448 c744 | 2408 0000 | 0000 c5f8 | 7749 89af | 3804 0000 | 49ba 4ad7 | 2ea3 5202 | 0000 4d89 
  0x00000252a32ed760: 9730 0400 | 0049 89a7 | 2804 0000 | 498b cf48 | 83ec 2040 | f6c4 0f0f | 8419 0000 | 0048 83ec 
  0x00000252a32ed780: 0848 b8d0 | 1ed4 e7fe | 7f00 00ff | d048 83c4 | 08e9 0c00 | 0000 48b8 | d01e d4e7 | fe7f 0000 
  0x00000252a32ed7a0: ffd0 4883 | c420 49c7 | 8728 0400 | 0000 0000 | 0049 c787 | 3804 0000 | 0000 0000 | 49c7 8730 
  0x00000252a32ed7c0: 0400 0000 | 0000 00c5 | f877 488b | 0424 4883 | c410 c5fb | 1004 2448 | 83c4 1048 | 8b04 2448 
  0x00000252a32ed7e0: 83c4 10c5 | fb10 0424 | 4883 c410 | 4c8b 5d18 | 41ff d34c | 8b5d f8c9 | 41c6 8796 | 0300 0000 
  0x00000252a32ed800: 5f49 8be3 | ffe7 ba00 | 0000 00e8 | 0500 0000 | e996 0000 | 0048 8d44 | 2408 4c89 | 6dc0 498b 
  0x00000252a32ed820: cfc5 f877 | 4989 af38 | 0400 0049 | 8987 2804 | 0000 4883 | ec20 40f6 | c40f 0f84 | 1900 0000 
  0x00000252a32ed840: 4883 ec08 | 48b8 202e | d4e7 fe7f | 0000 ffd0 | 4883 c408 | e90c 0000 | 0048 b820 | 2ed4 e7fe 
  0x00000252a32ed860: 7f00 00ff | d048 83c4 | 2049 c787 | 2804 0000 | 0000 0000 | 49c7 8738 | 0400 0000 | 0000 0049 
  0x00000252a32ed880: c787 3004 | 0000 0000 | 0000 c5f8 | 7749 837f | 0800 0f84 | 0500 0000 | e943 39ff | ff4c 8b6d 
  0x00000252a32ed8a0: c04c 8b75 | c84e 8d74 | f500 c348 | 8b5d e8e9 | 74f6 ffff | 0f1f 4000 
[/MachCode]

---------------  P R O C E S S  ---------------

Threads class SMR info:
_java_thread_list=0x00000252b7414b80, length=16, elements={
0x00000252b2ae9f70, 0x00000252b2aea9d0, 0x00000252b2aec3d0, 0x00000252b2aee5d0,
0x00000252b2aef190, 0x00000252b2afa4d0, 0x00000252b2b01160, 0x00000252b2b08520,
0x00000252b2cca650, 0x00000252b2d3af70, 0x00000252b2d3c880, 0x00000252b72ff530,
0x00000252b7300510, 0x00000252b7300cd0, 0x00000252b74f0460, 0x00000252910844b0
}

Java Threads: ( => current thread )
  0x00000252b2ae9f70 JavaThread "Reference Handler"          daemon [_thread_blocked, id=3224, stack(0x00000071eab00000,0x00000071eac00000) (1024K)]
  0x00000252b2aea9d0 JavaThread "Finalizer"                  daemon [_thread_blocked, id=12592, stack(0x00000071eac00000,0x00000071ead00000) (1024K)]
  0x00000252b2aec3d0 JavaThread "Signal Dispatcher"          daemon [_thread_blocked, id=4352, stack(0x00000071ead00000,0x00000071eae00000) (1024K)]
  0x00000252b2aee5d0 JavaThread "Attach Listener"            daemon [_thread_blocked, id=7176, stack(0x00000071eae00000,0x00000071eaf00000) (1024K)]
  0x00000252b2aef190 JavaThread "Service Thread"             daemon [_thread_blocked, id=5092, stack(0x00000071eaf00000,0x00000071eb000000) (1024K)]
  0x00000252b2afa4d0 JavaThread "Monitor Deflation Thread"   daemon [_thread_blocked, id=9072, stack(0x00000071eb000000,0x00000071eb100000) (1024K)]
  0x00000252b2b01160 JavaThread "C2 CompilerThread0"         daemon [_thread_blocked, id=7836, stack(0x00000071eb100000,0x00000071eb200000) (1024K)]
  0x00000252b2b08520 JavaThread "C1 CompilerThread0"         daemon [_thread_blocked, id=9280, stack(0x00000071eb200000,0x00000071eb300000) (1024K)]
  0x00000252b2cca650 JavaThread "Common-Cleaner"             daemon [_thread_blocked, id=3480, stack(0x00000071eb300000,0x00000071eb400000) (1024K)]
  0x00000252b2d3af70 JavaThread "Monitor Ctrl-Break"         daemon [_thread_in_native, id=13056, stack(0x00000071eb400000,0x00000071eb500000) (1024K)]
  0x00000252b2d3c880 JavaThread "Notification Thread"        daemon [_thread_blocked, id=12424, stack(0x00000071eb500000,0x00000071eb600000) (1024K)]
  0x00000252b72ff530 JavaThread "Java2D Disposer"            daemon [_thread_blocked, id=11740, stack(0x00000071eb600000,0x00000071eb700000) (1024K)]
  0x00000252b7300510 JavaThread "AWT-Shutdown"                      [_thread_blocked, id=11288, stack(0x00000071eb700000,0x00000071eb800000) (1024K)]
=>0x00000252b7300cd0 JavaThread "AWT-Windows"                daemon [_thread_in_native, id=2868, stack(0x00000071eb800000,0x00000071eb900000) (1024K)]
  0x00000252b74f0460 JavaThread "AWT-EventQueue-0"                  [_thread_in_native, id=5624, stack(0x00000071eb900000,0x00000071eba00000) (1024K)]
  0x00000252910844b0 JavaThread "DestroyJavaVM"                     [_thread_blocked, id=10884, stack(0x00000071ea300000,0x00000071ea400000) (1024K)]
Total: 16

Other Threads:
  0x00000252b2ad5e60 VMThread "VM Thread"                           [id=10044, stack(0x00000071eaa00000,0x00000071eab00000) (1024K)]
  0x00000252b2ac9a90 WatcherThread "VM Periodic Task Thread"        [id=7536, stack(0x00000071ea900000,0x00000071eaa00000) (1024K)]
  0x00000252935908c0 WorkerThread "GC Thread#0"                     [id=10020, stack(0x00000071ea400000,0x00000071ea500000) (1024K)]
  0x00000252935aa3e0 ConcurrentGCThread "G1 Main Marker"            [id=7872, stack(0x00000071ea500000,0x00000071ea600000) (1024K)]
  0x00000252935abc70 WorkerThread "G1 Conc#0"                       [id=1032, stack(0x00000071ea600000,0x00000071ea700000) (1024K)]
  0x00000252b2991130 ConcurrentGCThread "G1 Refine#0"               [id=7144, stack(0x00000071ea700000,0x00000071ea800000) (1024K)]
  0x00000252b2991940 ConcurrentGCThread "G1 Service"                [id=2408, stack(0x00000071ea800000,0x00000071ea900000) (1024K)]
Total: 7

Threads with active compile tasks:
Total: 0

VM state: not at safepoint (normal execution)

VM Mutex/Monitor currently owned by a thread: None

Heap address: 0x0000000705200000, size: 4014 MB, Compressed Oops mode: Zero based, Oop shift amount: 3

CDS archive(s) mapped at: [0x0000000007000000-0x0000000007dd0000-0x0000000007dd0000), size 14483456, SharedBaseAddress: 0x0000000007000000, ArchiveRelocationMode: 1.
Compressed class space mapped at: 0x0000000008000000-0x0000000048000000, reserved size: 1073741824
UseCompressedClassPointers 1, UseCompactObjectHeaders 0
Narrow klass pointer bits 32, Max shift 3
Narrow klass base: 0x0000000007000000, Narrow klass shift: 0
Encoding Range: [0x0000000007000000 - 0x0000000107000000), (4294967296 bytes)
Klass Range:    [0x0000000007010000 - 0x0000000048000000), (1090453504 bytes)
Klass ID Range:  [65536 - 1090519033) (1090453497)
Protection zone: [0x0000000007000000 - 0x0000000007010000), (65536 bytes)

GC Precious Log:
 CardTable entry size: 512
 Card Set container configuration: InlinePtr #cards 4 size 8 Array Of Cards #cards 16 size 48 Howl #buckets 8 coarsen threshold 3686 Howl Bitmap #cards 512 size 80 coarsen threshold 460 Card regions per heap region 1 cards per card region 4096
 CPUs: 8 total, 8 available
 Memory: 16051M
 Large Page Support: Disabled
 NUMA Support: Disabled
 Compressed Oops: Enabled (Zero based)
 Heap Region Size: 2M
 Heap Min Capacity: 8M
 Heap Initial Capacity: 252M
 Heap Max Capacity: 4014M
 Pre-touch: Disabled
 Parallel Workers: 8
 Concurrent Workers: 2
 Concurrent Refinement Workers: 8
 Periodic GC: Disabled

Heap:
 garbage-first heap   total reserved 4110336K, committed 260096K, used 23701K [0x0000000705200000, 0x0000000800000000)
  region size 2048K, 8 young (16384K), 0 survivors (0K)

Heap Regions: E=young(eden), S=young(survivor), O=old, HS=humongous(starts), HC=humongous(continues), CS=collection set, F=free, TAMS=top-at-mark-start, PB=parsable bottom
|   0|0x0000000705200000, 0x0000000705400000, 0x0000000705400000|100%|HS|  |TAMS 0x0000000705200000| PB 0x0000000705200000| Complete |  0
|   1|0x0000000705400000, 0x0000000705600000, 0x0000000705600000|100%|HC|  |TAMS 0x0000000705400000| PB 0x0000000705400000| Complete |  0
|   2|0x0000000705600000, 0x0000000705800000, 0x0000000705800000|100%|HC|  |TAMS 0x0000000705600000| PB 0x0000000705600000| Complete |  0
|   3|0x0000000705800000, 0x0000000705a00000, 0x0000000705a00000|100%|HC|  |TAMS 0x0000000705800000| PB 0x0000000705800000| Complete |  0
|   4|0x0000000705a00000, 0x0000000705a00000, 0x0000000705c00000|  0%| F|  |TAMS 0x0000000705a00000| PB 0x0000000705a00000| Untracked |  0
|   5|0x0000000705c00000, 0x0000000705c00000, 0x0000000705e00000|  0%| F|  |TAMS 0x0000000705c00000| PB 0x0000000705c00000| Untracked |  0
|   6|0x0000000705e00000, 0x0000000705e00000, 0x0000000706000000|  0%| F|  |TAMS 0x0000000705e00000| PB 0x0000000705e00000| Untracked |  0
|   7|0x0000000706000000, 0x0000000706000000, 0x0000000706200000|  0%| F|  |TAMS 0x0000000706000000| PB 0x0000000706000000| Untracked |  0
|   8|0x0000000706200000, 0x0000000706200000, 0x0000000706400000|  0%| F|  |TAMS 0x0000000706200000| PB 0x0000000706200000| Untracked |  0
|   9|0x0000000706400000, 0x0000000706400000, 0x0000000706600000|  0%| F|  |TAMS 0x0000000706400000| PB 0x0000000706400000| Untracked |  0
|  10|0x0000000706600000, 0x0000000706600000, 0x0000000706800000|  0%| F|  |TAMS 0x0000000706600000| PB 0x0000000706600000| Untracked |  0
|  11|0x0000000706800000, 0x0000000706800000, 0x0000000706a00000|  0%| F|  |TAMS 0x0000000706800000| PB 0x0000000706800000| Untracked |  0
|  12|0x0000000706a00000, 0x0000000706a00000, 0x0000000706c00000|  0%| F|  |TAMS 0x0000000706a00000| PB 0x0000000706a00000| Untracked |  0
|  13|0x0000000706c00000, 0x0000000706c00000, 0x0000000706e00000|  0%| F|  |TAMS 0x0000000706c00000| PB 0x0000000706c00000| Untracked |  0
|  14|0x0000000706e00000, 0x0000000706e00000, 0x0000000707000000|  0%| F|  |TAMS 0x0000000706e00000| PB 0x0000000706e00000| Untracked |  0
|  15|0x0000000707000000, 0x0000000707000000, 0x0000000707200000|  0%| F|  |TAMS 0x0000000707000000| PB 0x0000000707000000| Untracked |  0
|  16|0x0000000707200000, 0x0000000707200000, 0x0000000707400000|  0%| F|  |TAMS 0x0000000707200000| PB 0x0000000707200000| Untracked |  0
|  17|0x0000000707400000, 0x0000000707400000, 0x0000000707600000|  0%| F|  |TAMS 0x0000000707400000| PB 0x0000000707400000| Untracked |  0
|  18|0x0000000707600000, 0x0000000707600000, 0x0000000707800000|  0%| F|  |TAMS 0x0000000707600000| PB 0x0000000707600000| Untracked |  0
|  19|0x0000000707800000, 0x0000000707800000, 0x0000000707a00000|  0%| F|  |TAMS 0x0000000707800000| PB 0x0000000707800000| Untracked |  0
|  20|0x0000000707a00000, 0x0000000707a00000, 0x0000000707c00000|  0%| F|  |TAMS 0x0000000707a00000| PB 0x0000000707a00000| Untracked |  0
|  21|0x0000000707c00000, 0x0000000707c00000, 0x0000000707e00000|  0%| F|  |TAMS 0x0000000707c00000| PB 0x0000000707c00000| Untracked |  0
|  22|0x0000000707e00000, 0x0000000707e00000, 0x0000000708000000|  0%| F|  |TAMS 0x0000000707e00000| PB 0x0000000707e00000| Untracked |  0
|  23|0x0000000708000000, 0x0000000708000000, 0x0000000708200000|  0%| F|  |TAMS 0x0000000708000000| PB 0x0000000708000000| Untracked |  0
|  24|0x0000000708200000, 0x0000000708200000, 0x0000000708400000|  0%| F|  |TAMS 0x0000000708200000| PB 0x0000000708200000| Untracked |  0
|  25|0x0000000708400000, 0x0000000708400000, 0x0000000708600000|  0%| F|  |TAMS 0x0000000708400000| PB 0x0000000708400000| Untracked |  0
|  26|0x0000000708600000, 0x0000000708600000, 0x0000000708800000|  0%| F|  |TAMS 0x0000000708600000| PB 0x0000000708600000| Untracked |  0
|  27|0x0000000708800000, 0x0000000708800000, 0x0000000708a00000|  0%| F|  |TAMS 0x0000000708800000| PB 0x0000000708800000| Untracked |  0
|  28|0x0000000708a00000, 0x0000000708a00000, 0x0000000708c00000|  0%| F|  |TAMS 0x0000000708a00000| PB 0x0000000708a00000| Untracked |  0
|  29|0x0000000708c00000, 0x0000000708c00000, 0x0000000708e00000|  0%| F|  |TAMS 0x0000000708c00000| PB 0x0000000708c00000| Untracked |  0
|  30|0x0000000708e00000, 0x0000000708e00000, 0x0000000709000000|  0%| F|  |TAMS 0x0000000708e00000| PB 0x0000000708e00000| Untracked |  0
|  31|0x0000000709000000, 0x0000000709000000, 0x0000000709200000|  0%| F|  |TAMS 0x0000000709000000| PB 0x0000000709000000| Untracked |  0
|  32|0x0000000709200000, 0x0000000709200000, 0x0000000709400000|  0%| F|  |TAMS 0x0000000709200000| PB 0x0000000709200000| Untracked |  0
|  33|0x0000000709400000, 0x0000000709400000, 0x0000000709600000|  0%| F|  |TAMS 0x0000000709400000| PB 0x0000000709400000| Untracked |  0
|  34|0x0000000709600000, 0x0000000709600000, 0x0000000709800000|  0%| F|  |TAMS 0x0000000709600000| PB 0x0000000709600000| Untracked |  0
|  35|0x0000000709800000, 0x0000000709800000, 0x0000000709a00000|  0%| F|  |TAMS 0x0000000709800000| PB 0x0000000709800000| Untracked |  0
|  36|0x0000000709a00000, 0x0000000709a00000, 0x0000000709c00000|  0%| F|  |TAMS 0x0000000709a00000| PB 0x0000000709a00000| Untracked |  0
|  37|0x0000000709c00000, 0x0000000709c00000, 0x0000000709e00000|  0%| F|  |TAMS 0x0000000709c00000| PB 0x0000000709c00000| Untracked |  0
|  38|0x0000000709e00000, 0x0000000709e00000, 0x000000070a000000|  0%| F|  |TAMS 0x0000000709e00000| PB 0x0000000709e00000| Untracked |  0
|  39|0x000000070a000000, 0x000000070a000000, 0x000000070a200000|  0%| F|  |TAMS 0x000000070a000000| PB 0x000000070a000000| Untracked |  0
|  40|0x000000070a200000, 0x000000070a200000, 0x000000070a400000|  0%| F|  |TAMS 0x000000070a200000| PB 0x000000070a200000| Untracked |  0
|  41|0x000000070a400000, 0x000000070a400000, 0x000000070a600000|  0%| F|  |TAMS 0x000000070a400000| PB 0x000000070a400000| Untracked |  0
|  42|0x000000070a600000, 0x000000070a600000, 0x000000070a800000|  0%| F|  |TAMS 0x000000070a600000| PB 0x000000070a600000| Untracked |  0
|  43|0x000000070a800000, 0x000000070a800000, 0x000000070aa00000|  0%| F|  |TAMS 0x000000070a800000| PB 0x000000070a800000| Untracked |  0
|  44|0x000000070aa00000, 0x000000070aa00000, 0x000000070ac00000|  0%| F|  |TAMS 0x000000070aa00000| PB 0x000000070aa00000| Untracked |  0
|  45|0x000000070ac00000, 0x000000070ac00000, 0x000000070ae00000|  0%| F|  |TAMS 0x000000070ac00000| PB 0x000000070ac00000| Untracked |  0
|  46|0x000000070ae00000, 0x000000070ae00000, 0x000000070b000000|  0%| F|  |TAMS 0x000000070ae00000| PB 0x000000070ae00000| Untracked |  0
|  47|0x000000070b000000, 0x000000070b000000, 0x000000070b200000|  0%| F|  |TAMS 0x000000070b000000| PB 0x000000070b000000| Untracked |  0
|  48|0x000000070b200000, 0x000000070b200000, 0x000000070b400000|  0%| F|  |TAMS 0x000000070b200000| PB 0x000000070b200000| Untracked |  0
|  49|0x000000070b400000, 0x000000070b400000, 0x000000070b600000|  0%| F|  |TAMS 0x000000070b400000| PB 0x000000070b400000| Untracked |  0
|  50|0x000000070b600000, 0x000000070b600000, 0x000000070b800000|  0%| F|  |TAMS 0x000000070b600000| PB 0x000000070b600000| Untracked |  0
|  51|0x000000070b800000, 0x000000070b800000, 0x000000070ba00000|  0%| F|  |TAMS 0x000000070b800000| PB 0x000000070b800000| Untracked |  0
|  52|0x000000070ba00000, 0x000000070ba00000, 0x000000070bc00000|  0%| F|  |TAMS 0x000000070ba00000| PB 0x000000070ba00000| Untracked |  0
|  53|0x000000070bc00000, 0x000000070bc00000, 0x000000070be00000|  0%| F|  |TAMS 0x000000070bc00000| PB 0x000000070bc00000| Untracked |  0
|  54|0x000000070be00000, 0x000000070be00000, 0x000000070c000000|  0%| F|  |TAMS 0x000000070be00000| PB 0x000000070be00000| Untracked |  0
|  55|0x000000070c000000, 0x000000070c000000, 0x000000070c200000|  0%| F|  |TAMS 0x000000070c000000| PB 0x000000070c000000| Untracked |  0
|  56|0x000000070c200000, 0x000000070c200000, 0x000000070c400000|  0%| F|  |TAMS 0x000000070c200000| PB 0x000000070c200000| Untracked |  0
|  57|0x000000070c400000, 0x000000070c400000, 0x000000070c600000|  0%| F|  |TAMS 0x000000070c400000| PB 0x000000070c400000| Untracked |  0
|  58|0x000000070c600000, 0x000000070c600000, 0x000000070c800000|  0%| F|  |TAMS 0x000000070c600000| PB 0x000000070c600000| Untracked |  0
|  59|0x000000070c800000, 0x000000070c800000, 0x000000070ca00000|  0%| F|  |TAMS 0x000000070c800000| PB 0x000000070c800000| Untracked |  0
|  60|0x000000070ca00000, 0x000000070ca00000, 0x000000070cc00000|  0%| F|  |TAMS 0x000000070ca00000| PB 0x000000070ca00000| Untracked |  0
|  61|0x000000070cc00000, 0x000000070cc00000, 0x000000070ce00000|  0%| F|  |TAMS 0x000000070cc00000| PB 0x000000070cc00000| Untracked |  0
|  62|0x000000070ce00000, 0x000000070ce00000, 0x000000070d000000|  0%| F|  |TAMS 0x000000070ce00000| PB 0x000000070ce00000| Untracked |  0
|  63|0x000000070d000000, 0x000000070d000000, 0x000000070d200000|  0%| F|  |TAMS 0x000000070d000000| PB 0x000000070d000000| Untracked |  0
|  64|0x000000070d200000, 0x000000070d200000, 0x000000070d400000|  0%| F|  |TAMS 0x000000070d200000| PB 0x000000070d200000| Untracked |  0
|  65|0x000000070d400000, 0x000000070d400000, 0x000000070d600000|  0%| F|  |TAMS 0x000000070d400000| PB 0x000000070d400000| Untracked |  0
|  66|0x000000070d600000, 0x000000070d600000, 0x000000070d800000|  0%| F|  |TAMS 0x000000070d600000| PB 0x000000070d600000| Untracked |  0
|  67|0x000000070d800000, 0x000000070d800000, 0x000000070da00000|  0%| F|  |TAMS 0x000000070d800000| PB 0x000000070d800000| Untracked |  0
|  68|0x000000070da00000, 0x000000070da00000, 0x000000070dc00000|  0%| F|  |TAMS 0x000000070da00000| PB 0x000000070da00000| Untracked |  0
|  69|0x000000070dc00000, 0x000000070dc00000, 0x000000070de00000|  0%| F|  |TAMS 0x000000070dc00000| PB 0x000000070dc00000| Untracked |  0
|  70|0x000000070de00000, 0x000000070de00000, 0x000000070e000000|  0%| F|  |TAMS 0x000000070de00000| PB 0x000000070de00000| Untracked |  0
|  71|0x000000070e000000, 0x000000070e000000, 0x000000070e200000|  0%| F|  |TAMS 0x000000070e000000| PB 0x000000070e000000| Untracked |  0
|  72|0x000000070e200000, 0x000000070e200000, 0x000000070e400000|  0%| F|  |TAMS 0x000000070e200000| PB 0x000000070e200000| Untracked |  0
|  73|0x000000070e400000, 0x000000070e400000, 0x000000070e600000|  0%| F|  |TAMS 0x000000070e400000| PB 0x000000070e400000| Untracked |  0
|  74|0x000000070e600000, 0x000000070e600000, 0x000000070e800000|  0%| F|  |TAMS 0x000000070e600000| PB 0x000000070e600000| Untracked |  0
|  75|0x000000070e800000, 0x000000070e800000, 0x000000070ea00000|  0%| F|  |TAMS 0x000000070e800000| PB 0x000000070e800000| Untracked |  0
|  76|0x000000070ea00000, 0x000000070ea00000, 0x000000070ec00000|  0%| F|  |TAMS 0x000000070ea00000| PB 0x000000070ea00000| Untracked |  0
|  77|0x000000070ec00000, 0x000000070ec00000, 0x000000070ee00000|  0%| F|  |TAMS 0x000000070ec00000| PB 0x000000070ec00000| Untracked |  0
|  78|0x000000070ee00000, 0x000000070ee00000, 0x000000070f000000|  0%| F|  |TAMS 0x000000070ee00000| PB 0x000000070ee00000| Untracked |  0
|  79|0x000000070f000000, 0x000000070f000000, 0x000000070f200000|  0%| F|  |TAMS 0x000000070f000000| PB 0x000000070f000000| Untracked |  0
|  80|0x000000070f200000, 0x000000070f200000, 0x000000070f400000|  0%| F|  |TAMS 0x000000070f200000| PB 0x000000070f200000| Untracked |  0
|  81|0x000000070f400000, 0x000000070f400000, 0x000000070f600000|  0%| F|  |TAMS 0x000000070f400000| PB 0x000000070f400000| Untracked |  0
|  82|0x000000070f600000, 0x000000070f600000, 0x000000070f800000|  0%| F|  |TAMS 0x000000070f600000| PB 0x000000070f600000| Untracked |  0
|  83|0x000000070f800000, 0x000000070f800000, 0x000000070fa00000|  0%| F|  |TAMS 0x000000070f800000| PB 0x000000070f800000| Untracked |  0
|  84|0x000000070fa00000, 0x000000070fa00000, 0x000000070fc00000|  0%| F|  |TAMS 0x000000070fa00000| PB 0x000000070fa00000| Untracked |  0
|  85|0x000000070fc00000, 0x000000070fc00000, 0x000000070fe00000|  0%| F|  |TAMS 0x000000070fc00000| PB 0x000000070fc00000| Untracked |  0
|  86|0x000000070fe00000, 0x000000070fe00000, 0x0000000710000000|  0%| F|  |TAMS 0x000000070fe00000| PB 0x000000070fe00000| Untracked |  0
|  87|0x0000000710000000, 0x0000000710000000, 0x0000000710200000|  0%| F|  |TAMS 0x0000000710000000| PB 0x0000000710000000| Untracked |  0
|  88|0x0000000710200000, 0x0000000710200000, 0x0000000710400000|  0%| F|  |TAMS 0x0000000710200000| PB 0x0000000710200000| Untracked |  0
|  89|0x0000000710400000, 0x0000000710400000, 0x0000000710600000|  0%| F|  |TAMS 0x0000000710400000| PB 0x0000000710400000| Untracked |  0
|  90|0x0000000710600000, 0x0000000710600000, 0x0000000710800000|  0%| F|  |TAMS 0x0000000710600000| PB 0x0000000710600000| Untracked |  0
|  91|0x0000000710800000, 0x0000000710800000, 0x0000000710a00000|  0%| F|  |TAMS 0x0000000710800000| PB 0x0000000710800000| Untracked |  0
|  92|0x0000000710a00000, 0x0000000710a00000, 0x0000000710c00000|  0%| F|  |TAMS 0x0000000710a00000| PB 0x0000000710a00000| Untracked |  0
|  93|0x0000000710c00000, 0x0000000710c00000, 0x0000000710e00000|  0%| F|  |TAMS 0x0000000710c00000| PB 0x0000000710c00000| Untracked |  0
|  94|0x0000000710e00000, 0x0000000710e00000, 0x0000000711000000|  0%| F|  |TAMS 0x0000000710e00000| PB 0x0000000710e00000| Untracked |  0
|  95|0x0000000711000000, 0x0000000711000000, 0x0000000711200000|  0%| F|  |TAMS 0x0000000711000000| PB 0x0000000711000000| Untracked |  0
|  96|0x0000000711200000, 0x0000000711200000, 0x0000000711400000|  0%| F|  |TAMS 0x0000000711200000| PB 0x0000000711200000| Untracked |  0
|  97|0x0000000711400000, 0x0000000711400000, 0x0000000711600000|  0%| F|  |TAMS 0x0000000711400000| PB 0x0000000711400000| Untracked |  0
|  98|0x0000000711600000, 0x0000000711600000, 0x0000000711800000|  0%| F|  |TAMS 0x0000000711600000| PB 0x0000000711600000| Untracked |  0
|  99|0x0000000711800000, 0x0000000711800000, 0x0000000711a00000|  0%| F|  |TAMS 0x0000000711800000| PB 0x0000000711800000| Untracked |  0
| 100|0x0000000711a00000, 0x0000000711a00000, 0x0000000711c00000|  0%| F|  |TAMS 0x0000000711a00000| PB 0x0000000711a00000| Untracked |  0
| 101|0x0000000711c00000, 0x0000000711c00000, 0x0000000711e00000|  0%| F|  |TAMS 0x0000000711c00000| PB 0x0000000711c00000| Untracked |  0
| 102|0x0000000711e00000, 0x0000000711e00000, 0x0000000712000000|  0%| F|  |TAMS 0x0000000711e00000| PB 0x0000000711e00000| Untracked |  0
| 103|0x0000000712000000, 0x0000000712000000, 0x0000000712200000|  0%| F|  |TAMS 0x0000000712000000| PB 0x0000000712000000| Untracked |  0
| 104|0x0000000712200000, 0x0000000712200000, 0x0000000712400000|  0%| F|  |TAMS 0x0000000712200000| PB 0x0000000712200000| Untracked |  0
| 105|0x0000000712400000, 0x0000000712400000, 0x0000000712600000|  0%| F|  |TAMS 0x0000000712400000| PB 0x0000000712400000| Untracked |  0
| 106|0x0000000712600000, 0x0000000712600000, 0x0000000712800000|  0%| F|  |TAMS 0x0000000712600000| PB 0x0000000712600000| Untracked |  0
| 107|0x0000000712800000, 0x0000000712800000, 0x0000000712a00000|  0%| F|  |TAMS 0x0000000712800000| PB 0x0000000712800000| Untracked |  0
| 108|0x0000000712a00000, 0x0000000712a00000, 0x0000000712c00000|  0%| F|  |TAMS 0x0000000712a00000| PB 0x0000000712a00000| Untracked |  0
| 109|0x0000000712c00000, 0x0000000712c00000, 0x0000000712e00000|  0%| F|  |TAMS 0x0000000712c00000| PB 0x0000000712c00000| Untracked |  0
| 110|0x0000000712e00000, 0x0000000712e00000, 0x0000000713000000|  0%| F|  |TAMS 0x0000000712e00000| PB 0x0000000712e00000| Untracked |  0
| 111|0x0000000713000000, 0x0000000713000000, 0x0000000713200000|  0%| F|  |TAMS 0x0000000713000000| PB 0x0000000713000000| Untracked |  0
| 112|0x0000000713200000, 0x0000000713200000, 0x0000000713400000|  0%| F|  |TAMS 0x0000000713200000| PB 0x0000000713200000| Untracked |  0
| 113|0x0000000713400000, 0x0000000713400000, 0x0000000713600000|  0%| F|  |TAMS 0x0000000713400000| PB 0x0000000713400000| Untracked |  0
| 114|0x0000000713600000, 0x0000000713600000, 0x0000000713800000|  0%| F|  |TAMS 0x0000000713600000| PB 0x0000000713600000| Untracked |  0
| 115|0x0000000713800000, 0x0000000713800000, 0x0000000713a00000|  0%| F|  |TAMS 0x0000000713800000| PB 0x0000000713800000| Untracked |  0
| 116|0x0000000713a00000, 0x0000000713a00000, 0x0000000713c00000|  0%| F|  |TAMS 0x0000000713a00000| PB 0x0000000713a00000| Untracked |  0
| 117|0x0000000713c00000, 0x0000000713c00000, 0x0000000713e00000|  0%| F|  |TAMS 0x0000000713c00000| PB 0x0000000713c00000| Untracked |  0
| 118|0x0000000713e00000, 0x0000000713fef2f8, 0x0000000714000000| 96%| E|  |TAMS 0x0000000713e00000| PB 0x0000000713e00000| Complete |  0
| 119|0x0000000714000000, 0x0000000714200000, 0x0000000714200000|100%| E|CS|TAMS 0x0000000714000000| PB 0x0000000714000000| Complete |  0
| 120|0x0000000714200000, 0x0000000714400000, 0x0000000714400000|100%| E|CS|TAMS 0x0000000714200000| PB 0x0000000714200000| Complete |  0
| 121|0x0000000714400000, 0x0000000714600000, 0x0000000714600000|100%| E|CS|TAMS 0x0000000714400000| PB 0x0000000714400000| Complete |  0
| 122|0x0000000714600000, 0x0000000714800000, 0x0000000714800000|100%| E|CS|TAMS 0x0000000714600000| PB 0x0000000714600000| Complete |  0
| 123|0x0000000714800000, 0x0000000714a00000, 0x0000000714a00000|100%| E|CS|TAMS 0x0000000714800000| PB 0x0000000714800000| Complete |  0
| 124|0x0000000714a00000, 0x0000000714c00000, 0x0000000714c00000|100%| E|CS|TAMS 0x0000000714a00000| PB 0x0000000714a00000| Complete |  0
| 125|0x0000000714c00000, 0x0000000714e00000, 0x0000000714e00000|100%| E|CS|TAMS 0x0000000714c00000| PB 0x0000000714c00000| Complete |  0
|2006|0x00000007ffe00000, 0x00000007fff256a0, 0x0000000800000000| 57%| O|  |TAMS 0x00000007ffe00000| PB 0x00000007ffe00000| Untracked |  0

Card table byte_map: [0x00000252ab9d0000,0x00000252ac1b0000] _byte_map_base: 0x00000252a81a7000

Marking Bits: (CMBitMap*) 0x0000025293591050
 Bits: [0x00000252ac1b0000, 0x00000252b0068000)

Polling page: 0x0000025291350000

Metaspace:
Metaspace        used 7786K, committed 8000K, reserved 1114112K
 class space     used 598K, committed 704K, reserved 1048576K

Usage:
  Non-class:      7.02 MB used.
      Class:    598.72 KB used.
       Both:      7.60 MB used.

Virtual space:
  Non-class space:       64.00 MB reserved,       7.12 MB ( 11%) committed,  1 nodes.
      Class space:        1.00 GB reserved,     704.00 KB ( <1%) committed,  1 nodes.
             Both:        1.06 GB reserved,       7.81 MB ( <1%) committed. 

Chunk freelists:
   Non-Class:  8.49 MB
       Class:  15.24 MB
        Both:  23.73 MB

MaxMetaspaceSize: unlimited
CompressedClassSpaceSize: 1.00 GB
Initial GC threshold: 21.00 MB
Current GC threshold: 21.00 MB
CDS: on
 - commit_granule_bytes: 65536.
 - commit_granule_words: 8192.
 - virtual_space_node_default_size: 8388608.
 - enlarge_chunks_in_place: 1.
UseCompressedClassPointers 1, UseCompactObjectHeaders 0
Narrow klass pointer bits 32, Max shift 3
Narrow klass base: 0x0000000007000000, Narrow klass shift: 0
Encoding Range: [0x0000000007000000 - 0x0000000107000000), (4294967296 bytes)
Klass Range:    [0x0000000007010000 - 0x0000000048000000), (1090453504 bytes)
Klass ID Range:  [65536 - 1090519033) (1090453497)
Protection zone: [0x0000000007000000 - 0x0000000007010000), (65536 bytes)


Internal statistics:

num_allocs_failed_limit: 0.
num_arena_births: 106.
num_arena_deaths: 0.
num_vsnodes_births: 2.
num_vsnodes_deaths: 0.
num_space_committed: 125.
num_space_uncommitted: 0.
num_chunks_returned_to_freelist: 0.
num_chunks_taken_from_freelist: 132.
num_chunk_merges: 0.
num_chunk_splits: 85.
num_chunks_enlarged: 47.
num_inconsistent_stats: 0.

CodeHeap 'non-profiled nmethods': size=120064Kb used=338Kb max_used=338Kb free=119725Kb
 bounds [0x00000252a3870000, 0x00000252a3ae0000, 0x00000252aadb0000]
CodeHeap 'profiled nmethods': size=120000Kb used=1933Kb max_used=1933Kb free=118067Kb
 bounds [0x000002529bdb0000, 0x000002529c020000, 0x00000252a32e0000]
CodeHeap 'non-nmethods': size=5696Kb used=1500Kb max_used=1523Kb free=4195Kb
 bounds [0x00000252a32e0000, 0x00000252a3550000, 0x00000252a3870000]
CodeCache: size=245760Kb, used=3771Kb, max_used=3794Kb, free=241987Kb
 total_blobs=2032, nmethods=1399, adapters=537, full_count=0
Compilation: enabled, stopped_count=0, restarted_count=0

Compilation events (20 events):
Event: 15.251 Thread 0x00000252b2b01160 1391       4       jdk.internal.misc.Unsafe::putReferenceOpaque (9 bytes)
Event: 15.251 Thread 0x00000252b2b01160 nmethod 1391 0x00000252a38c3a88 code [0x00000252a38c3b80, 0x00000252a38c3d08]
Event: 16.076 Thread 0x00000252b2b01160 1392       4       jdk.internal.misc.Unsafe::weakCompareAndSetInt (11 bytes)
Event: 16.076 Thread 0x00000252b2b01160 nmethod 1392 0x00000252a38c3d88 code [0x00000252a38c3e80, 0x00000252a38c3f08]
Event: 17.407 Thread 0x00000252b2b08520 1393       3       java.lang.Math::max (45 bytes)
Event: 17.408 Thread 0x00000252b2b08520 nmethod 1393 0x000002529bf91088 code [0x000002529bf91180, 0x000002529bf91480]
Event: 17.408 Thread 0x00000252b2b08520 1394       3       javax.swing.border.AbstractBorder::getBorderInsets (17 bytes)
Event: 17.408 Thread 0x00000252b2b08520 nmethod 1394 0x000002529bf91488 code [0x000002529bf91580, 0x000002529bf91870]
Event: 2792.688 Thread 0x00000252b2b08520 1395       3       java.lang.invoke.MethodType::insertParameterTypes (121 bytes)
Event: 2792.689 Thread 0x00000252b2b08520 nmethod 1395 0x000002529bf91888 code [0x000002529bf91980, 0x000002529bf92ba0]
Event: 2792.689 Thread 0x00000252b2b08520 1396       3       java.awt.Component::isShowing (38 bytes)
Event: 2792.689 Thread 0x00000252b2b08520 nmethod 1396 0x000002529bf92c08 code [0x000002529bf92d00, 0x000002529bf92fd8]
Event: 2792.689 Thread 0x00000252b2b08520 1397       3       java.awt.geom.AffineTransform::hashCode (87 bytes)
Event: 2792.689 Thread 0x00000252b2b08520 nmethod 1397 0x000002529bf93008 code [0x000002529bf93100, 0x000002529bf933b8]
Event: 2792.689 Thread 0x00000252b2b08520 1398       1       sun.font.FontDesignMetrics$MetricsKey::hashCode (5 bytes)
Event: 2792.689 Thread 0x00000252b2b08520 nmethod 1398 0x00000252a38c4088 code [0x00000252a38c4180, 0x00000252a38c4248]
Event: 2792.689 Thread 0x00000252b2b08520 1399       1       sun.font.SunFontManager::usingAlternateCompositeFonts (5 bytes)
Event: 2792.689 Thread 0x00000252b2b08520 nmethod 1399 0x00000252a38c4388 code [0x00000252a38c4480, 0x00000252a38c4548]
Event: 2792.689 Thread 0x00000252b2b08520 1400       1       java.awt.Font::hasLayoutAttributes (5 bytes)
Event: 2792.689 Thread 0x00000252b2b08520 nmethod 1400 0x00000252a38c4688 code [0x00000252a38c4780, 0x00000252a38c4848]

GC Heap Usage History (0 events):
No events

Metaspace Usage History (0 events):
No events

Dll operation events (11 events):
Event: 0.010 Loaded shared library C:\Program Files\Java\jdk-25\bin\java.dll
Event: 0.062 Loaded shared library C:\Program Files\Java\jdk-25\bin\zip.dll
Event: 0.065 Loaded shared library C:\Program Files\Java\jdk-25\bin\instrument.dll
Event: 0.069 Loaded shared library C:\Program Files\Java\jdk-25\bin\net.dll
Event: 0.071 Loaded shared library C:\Program Files\Java\jdk-25\bin\nio.dll
Event: 0.074 Loaded shared library C:\Program Files\Java\jdk-25\bin\zip.dll
Event: 0.091 Loaded shared library C:\Program Files\Java\jdk-25\bin\jimage.dll
Event: 0.095 Loaded shared library C:\Program Files\Java\jdk-25\bin\extnet.dll
Event: 0.102 Loaded shared library C:\Program Files\Java\jdk-25\bin\awt.dll
Event: 0.265 Loaded shared library C:\Program Files\Java\jdk-25\bin\freetype.dll
Event: 0.269 Loaded shared library C:\Program Files\Java\jdk-25\bin\fontmanager.dll

Deoptimization events (10 events):
Event: 0.167 Thread 0x00000252910844b0 Uncommon trap: trap_request=0xffffff45 fr.pc=0x00000252a387d738 relative=0x00000000000006b8
Event: 0.167 Thread 0x00000252910844b0 Uncommon trap: reason=unstable_if action=reinterpret pc=0x00000252a387d738 method=java.util.HashMap.putVal(ILjava/lang/Object;Ljava/lang/Object;ZZ)Ljava/lang/Object; @ 69 c2
Event: 0.167 Thread 0x00000252910844b0 DEOPT PACKING pc=0x00000252a387d738 sp=0x00000071ea3fe060
Event: 0.167 Thread 0x00000252910844b0 DEOPT UNPACKING pc=0x00000252a33ff482 sp=0x00000071ea3fdfe0 mode 2
Event: 0.300 Thread 0x00000252910844b0 Uncommon trap: trap_request=0xffffff45 fr.pc=0x00000252a38972bc relative=0x000000000000053c
Event: 0.300 Thread 0x00000252910844b0 Uncommon trap: reason=unstable_if action=reinterpret pc=0x00000252a38972bc method=java.lang.StringLatin1.replace([BCC)Ljava/lang/String; @ 19 c2
Event: 0.300 Thread 0x00000252910844b0 DEOPT PACKING pc=0x00000252a38972bc sp=0x00000071ea3fe810
Event: 0.300 Thread 0x00000252910844b0 DEOPT UNPACKING pc=0x00000252a33ff482 sp=0x00000071ea3fe790 mode 2
Event: 4.097 Thread 0x00000252b74f0460 DEOPT PACKING pc=0x000002529bedbd74 sp=0x00000071eb9fd440
Event: 4.097 Thread 0x00000252b74f0460 DEOPT UNPACKING pc=0x00000252a3331702 sp=0x00000071eb9fc910 mode 0

Classes loaded (20 events):
Event: 1.666 Loading class java/awt/Container$MouseEventTargetFilter
Event: 1.667 Loading class java/awt/Container$EventTargetFilter
Event: 1.667 Loading class java/awt/Container$EventTargetFilter done
Event: 1.667 Loading class java/awt/Container$MouseEventTargetFilter done
Event: 1.667 Loading class java/awt/event/AWTEventListenerProxy
Event: 1.667 Loading class java/awt/event/AWTEventListenerProxy done
Event: 1.667 Loading class java/awt/Toolkit$SelectiveAWTEventListener
Event: 1.667 Loading class java/awt/Toolkit$SelectiveAWTEventListener done
Event: 1.667 Loading class java/awt/Toolkit$ToolkitEventMulticaster
Event: 1.667 Loading class java/awt/Toolkit$ToolkitEventMulticaster done
Event: 1.667 Loading class java/awt/event/MouseWheelEvent
Event: 1.667 Loading class java/awt/event/MouseWheelEvent done
Event: 2.136 Loading class javax/swing/event/ChangeEvent
Event: 2.136 Loading class javax/swing/event/ChangeEvent done
Event: 4.087 Loading class javax/swing/ClientPropertyKey
Event: 4.087 Loading class javax/swing/ClientPropertyKey done
Event: 4.088 Loading class javax/swing/ClientPropertyKey$1
Event: 4.088 Loading class sun/awt/AWTAccessor$ClientPropertyKeyAccessor
Event: 4.088 Loading class sun/awt/AWTAccessor$ClientPropertyKeyAccessor done
Event: 4.088 Loading class javax/swing/ClientPropertyKey$1 done

Classes unloaded (0 events):
No events

Classes redefined (0 events):
No events

Internal exceptions (20 events):
Event: 0.151 Thread 0x00000252910844b0 Exception <a 'java/lang/NoSuchMethodError'{0x0000000714946d60}: 'long java.lang.invoke.DirectMethodHandle$Holder.invokeStaticInit(java.lang.Object, java.lang.Object)'> (0x0000000714946d60) 
thrown [s\open\src\hotspot\share\interpreter\linkResolver.cpp, line 804]
Event: 0.151 Thread 0x00000252910844b0 Exception <a 'java/lang/NoSuchMethodError'{0x000000071494f610}: 'java.lang.Object java.lang.invoke.DirectMethodHandle$Holder.invokeStatic(java.lang.Object, long, java.lang.Object)'> (0x000000071494f610) 
thrown [s\open\src\hotspot\share\interpreter\linkResolver.cpp, line 804]
Event: 0.152 Thread 0x00000252910844b0 Exception <a 'java/lang/NoSuchMethodError'{0x0000000714957760}: 'java.lang.Object java.lang.invoke.DirectMethodHandle$Holder.invokeStaticInit(java.lang.Object, long, java.lang.Object)'> (0x0000000714957760) 
thrown [s\open\src\hotspot\share\interpreter\linkResolver.cpp, line 804]
Event: 0.152 Thread 0x00000252910844b0 Exception <a 'java/lang/NoSuchMethodError'{0x000000071495ff70}: 'java.lang.Object java.lang.invoke.DirectMethodHandle$Holder.invokeStaticInit(java.lang.Object, long)'> (0x000000071495ff70) 
thrown [s\open\src\hotspot\share\interpreter\linkResolver.cpp, line 804]
Event: 0.169 Thread 0x00000252910844b0 Exception <a 'java/lang/NoSuchMethodError'{0x000000071498e0e8}: 'void java.lang.invoke.DirectMethodHandle$Holder.invokeSpecial(java.lang.Object, java.lang.Object, java.lang.Object)'> (0x000000071498e0e8) 
thrown [s\open\src\hotspot\share\interpreter\linkResolver.cpp, line 804]
Event: 0.180 Thread 0x00000252910844b0 Exception <a 'java/lang/NoSuchMethodError'{0x0000000714610928}: 'java.lang.Object java.lang.invoke.DirectMethodHandle$Holder.newInvokeSpecial(java.lang.Object, java.lang.Object, java.lang.Object, java.lang.Object, java.lang.Object)'> (0x0000000714610928) 
thrown [s\open\src\hotspot\share\interpreter\linkResolver.cpp, line 804]
Event: 0.185 Thread 0x00000252910844b0 Exception <a 'java/lang/NoSuchMethodError'{0x0000000714678438}: 'java.lang.Object java.lang.invoke.DirectMethodHandle$Holder.invokeStatic(java.lang.Object, int, java.lang.Object)'> (0x0000000714678438) 
thrown [s\open\src\hotspot\share\interpreter\linkResolver.cpp, line 804]
Event: 0.217 Thread 0x00000252910844b0 Exception <a 'java/lang/ClassNotFoundException'{0x00000007144a9c38}: com/sun/swing/internal/plaf/metal/resources/spi/metalProvider> (0x00000007144a9c38) 
thrown [s\open\src\hotspot\share\classfile\systemDictionary.cpp, line 327]
Event: 0.218 Thread 0x00000252910844b0 Exception <a 'java/lang/ClassNotFoundException'{0x00000007144ad6a8}: com/sun/swing/internal/plaf/basic/resources/spi/basicProvider> (0x00000007144ad6a8) 
thrown [s\open\src\hotspot\share\classfile\systemDictionary.cpp, line 327]
Event: 0.225 Thread 0x00000252910844b0 Exception <a 'java/lang/NoSuchMethodError'{0x00000007144d3470}: 'int java.lang.invoke.Invokers$Holder.invokeExact_MT(java.lang.Object, java.lang.Object)'> (0x00000007144d3470) 
thrown [s\open\src\hotspot\share\interpreter\linkResolver.cpp, line 804]
Event: 0.243 Thread 0x00000252b7300cd0 Exception <a 'java/lang/NoSuchMethodError'{0x00000007149fd2c8}: 'void java.lang.invoke.DirectMethodHandle$Holder.invokeVirtual(java.lang.Object, java.lang.Object)'> (0x00000007149fd2c8) 
thrown [s\open\src\hotspot\share\interpreter\linkResolver.cpp, line 804]
Event: 0.261 Thread 0x00000252910844b0 Exception <a 'java/lang/NoSuchMethodError'{0x000000071420de88}: 'void java.lang.invoke.DirectMethodHandle$Holder.invokeStaticInit(java.lang.Object)'> (0x000000071420de88) 
thrown [s\open\src\hotspot\share\interpreter\linkResolver.cpp, line 804]
Event: 0.278 Thread 0x00000252910844b0 Exception <a 'java/lang/NoSuchMethodError'{0x00000007142429e0}: 'long java.lang.invoke.DirectMethodHandle$Holder.invokeStaticInit(java.lang.Object, long, long, long, long)'> (0x00000007142429e0) 
thrown [s\open\src\hotspot\share\interpreter\linkResolver.cpp, line 804]
Event: 0.278 Thread 0x00000252910844b0 Exception <a 'java/lang/NoSuchMethodError'{0x000000071424b440}: 'java.lang.Object java.lang.invoke.DirectMethodHandle$Holder.invokeInterface(java.lang.Object, java.lang.Object, long, long)'> (0x000000071424b440) 
thrown [s\open\src\hotspot\share\interpreter\linkResolver.cpp, line 804]
Event: 0.279 Thread 0x00000252910844b0 Exception <a 'java/lang/NoSuchMethodError'{0x0000000714263de8}: 'void java.lang.invoke.DirectMethodHandle$Holder.invokeStaticInit(java.lang.Object, java.lang.Object, long, java.lang.Object)'> (0x0000000714263de8) 
thrown [s\open\src\hotspot\share\interpreter\linkResolver.cpp, line 804]
Event: 0.279 Thread 0x00000252910844b0 Exception <a 'java/lang/NoSuchMethodError'{0x000000071426ca20}: 'long java.lang.invoke.DirectMethodHandle$Holder.invokeStatic(java.lang.Object, long, long)'> (0x000000071426ca20) 
thrown [s\open\src\hotspot\share\interpreter\linkResolver.cpp, line 804]
Event: 0.281 Thread 0x00000252910844b0 Exception <a 'java/lang/NoSuchMethodError'{0x000000071428eda0}: 'java.lang.Object java.lang.invoke.DirectMethodHandle$Holder.newInvokeSpecial(java.lang.Object, int, java.lang.Object)'> (0x000000071428eda0) 
thrown [s\open\src\hotspot\share\interpreter\linkResolver.cpp, line 804]
Event: 0.322 Thread 0x00000252910844b0 Exception <a 'java/lang/NoSuchMethodError'{0x000000071431a7f0}: 'void java.lang.invoke.DelegatingMethodHandle$Holder.reinvoke_L(java.lang.Object, java.lang.Object, java.lang.Object, long, float)'> (0x000000071431a7f0) 
thrown [s\open\src\hotspot\share\interpreter\linkResolver.cpp, line 804]
Event: 0.324 Thread 0x00000252910844b0 Exception <a 'java/lang/NoSuchMethodError'{0x0000000714332a50}: 'java.lang.Object java.lang.invoke.DirectMethodHandle$Holder.invokeStatic(java.lang.Object, java.lang.Object, java.lang.Object, java.lang.Object, long)'> (0x0000000714332a50) 
thrown [s\open\src\hotspot\share\interpreter\linkResolver.cpp, line 804]
Event: 0.325 Thread 0x00000252910844b0 Exception <a 'java/lang/NoSuchMethodError'{0x0000000714354db0}: 'float java.lang.invoke.DelegatingMethodHandle$Holder.reinvoke_L(java.lang.Object, java.lang.Object, java.lang.Object, long)'> (0x0000000714354db0) 
thrown [s\open\src\hotspot\share\interpreter\linkResolver.cpp, line 804]

VM Operations (6 events):
Event: 0.231 Executing non-safepoint VM operation: HandshakeAllThreads (Deoptimize)
Event: 0.231 Executing non-safepoint VM operation: HandshakeAllThreads (Deoptimize) done
Event: 60.201 Executing non-safepoint VM operation: HandshakeAllThreads (HandshakeForDeflation)
Event: 60.201 Executing non-safepoint VM operation: HandshakeAllThreads (HandshakeForDeflation) done
Event: 60.201 Executing non-safepoint VM operation: RendezvousGCThreads
Event: 60.201 Executing non-safepoint VM operation: RendezvousGCThreads done

Memory protections (0 events):
No events

Nmethod flushes (0 events):
No events

Events (18 events):
Event: 0.022 Thread 0x00000252910844b0 Thread added: 0x00000252910844b0
Event: 0.032 Thread 0x00000252910844b0 Thread added: 0x00000252b2ae9f70
Event: 0.032 Thread 0x00000252910844b0 Thread added: 0x00000252b2aea9d0
Event: 0.033 Thread 0x00000252910844b0 Thread added: 0x00000252b2aec3d0
Event: 0.033 Thread 0x00000252910844b0 Thread added: 0x00000252b2aee5d0
Event: 0.033 Thread 0x00000252910844b0 Thread added: 0x00000252b2aef190
Event: 0.033 Thread 0x00000252910844b0 Thread added: 0x00000252b2afa4d0
Event: 0.033 Thread 0x00000252910844b0 Thread added: 0x00000252b2b01160
Event: 0.033 Thread 0x00000252910844b0 Thread added: 0x00000252b2b08520
Event: 0.067 Thread 0x00000252910844b0 Thread added: 0x00000252b2cca650
Event: 0.082 Thread 0x00000252910844b0 Thread added: 0x00000252b2d3af70
Event: 0.082 Thread 0x00000252910844b0 Thread added: 0x00000252b2d3c880
Event: 0.140 Thread 0x00000252910844b0 Thread added: 0x00000252b72ff530
Event: 0.141 Thread 0x00000252910844b0 Thread added: 0x00000252b7300510
Event: 0.141 Thread 0x00000252910844b0 Thread added: 0x00000252b7300cd0
Event: 0.243 Thread 0x00000252b7300cd0 Thread added: 0x00000252b74f0460
Event: 0.342 Thread 0x00000252910844b0 Thread exited: 0x00000252910844b0
Event: 0.342 Thread 0x00000252910844b0 Thread added: 0x00000252910844b0


Dynamic libraries:
0x00007ff6bdff0000 - 0x00007ff6be000000 	C:\Program Files\Java\jdk-25\bin\java.exe
0x00007fff8abc0000 - 0x00007fff8ae27000 	C:\WINDOWS\SYSTEM32\ntdll.dll
0x00007fff8a010000 - 0x00007fff8a0d9000 	C:\WINDOWS\System32\KERNEL32.DLL
0x00007fff87750000 - 0x00007fff87b41000 	C:\WINDOWS\System32\KERNELBASE.dll
0x00007fff874a0000 - 0x00007fff875eb000 	C:\WINDOWS\System32\ucrtbase.dll
0x00007fff7bc10000 - 0x00007fff7bc2e000 	C:\Program Files\Java\jdk-25\bin\VCRUNTIME140.dll
0x00007fff82560000 - 0x00007fff82577000 	C:\Program Files\Java\jdk-25\bin\jli.dll
0x00007fff89930000 - 0x00007fff89af5000 	C:\WINDOWS\System32\USER32.dll
0x00007fff6e9c0000 - 0x00007fff6ec53000 	C:\WINDOWS\WinSxS\amd64_microsoft.windows.common-controls_6595b64144ccf1df_6.0.26100.8037_none_3e092faae333b53b\COMCTL32.dll
0x00007fff88770000 - 0x00007fff88797000 	C:\WINDOWS\System32\win32u.dll
0x00007fff88960000 - 0x00007fff88a09000 	C:\WINDOWS\System32\msvcrt.dll
0x00007fff89b00000 - 0x00007fff89b2b000 	C:\WINDOWS\System32\GDI32.dll
0x00007fff887a0000 - 0x00007fff888cb000 	C:\WINDOWS\System32\gdi32full.dll
0x00007fff875f0000 - 0x00007fff87693000 	C:\WINDOWS\System32\msvcp_win.dll
0x00007fff8ab40000 - 0x00007fff8ab71000 	C:\WINDOWS\System32\IMM32.DLL
0x00007fff7bc00000 - 0x00007fff7bc0c000 	C:\Program Files\Java\jdk-25\bin\vcruntime140_1.dll
0x00007fff74010000 - 0x00007fff7409d000 	C:\Program Files\Java\jdk-25\bin\msvcp140.dll
0x00007ffee78d0000 - 0x00007ffee872f000 	C:\Program Files\Java\jdk-25\bin\server\jvm.dll
0x00007fff8aa80000 - 0x00007fff8ab3b000 	C:\WINDOWS\System32\ADVAPI32.dll
0x00007fff88a20000 - 0x00007fff88ac7000 	C:\WINDOWS\System32\sechost.dll
0x00007fff89e70000 - 0x00007fff89f88000 	C:\WINDOWS\System32\RPCRT4.dll
0x00007fff8a2c0000 - 0x00007fff8a334000 	C:\WINDOWS\System32\WS2_32.dll
0x00007fff87300000 - 0x00007fff8735e000 	C:\WINDOWS\SYSTEM32\POWRPROF.dll
0x00007fff7a7e0000 - 0x00007fff7a7eb000 	C:\WINDOWS\SYSTEM32\VERSION.dll
0x00007fff6e980000 - 0x00007fff6e9b5000 	C:\WINDOWS\SYSTEM32\WINMM.dll
0x00007fff872e0000 - 0x00007fff872f4000 	C:\WINDOWS\SYSTEM32\UMPDC.dll
0x00007fff861f0000 - 0x00007fff8620b000 	C:\WINDOWS\SYSTEM32\kernel.appcore.dll
0x00007fff7bbf0000 - 0x00007fff7bbfa000 	C:\Program Files\Java\jdk-25\bin\jimage.dll
0x00007fff85280000 - 0x00007fff854c2000 	C:\WINDOWS\SYSTEM32\DBGHELP.DLL
0x00007fff8a400000 - 0x00007fff8a782000 	C:\WINDOWS\System32\combase.dll
0x00007fff88ad0000 - 0x00007fff88ba7000 	C:\WINDOWS\System32\OLEAUT32.dll
0x00007fff71810000 - 0x00007fff7184b000 	C:\WINDOWS\SYSTEM32\dbgcore.DLL
0x00007fff876a0000 - 0x00007fff87745000 	C:\WINDOWS\System32\bcryptPrimitives.dll
0x00007fff75290000 - 0x00007fff752a0000 	C:\Program Files\Java\jdk-25\bin\instrument.dll
0x00007fff750b0000 - 0x00007fff750cf000 	C:\Program Files\Java\jdk-25\bin\java.dll
0x00007fff8a8e0000 - 0x00007fff8aa75000 	C:\WINDOWS\System32\ole32.dll
0x00007fff88bb0000 - 0x00007fff8930f000 	C:\WINDOWS\System32\SHELL32.dll
0x00007fff88600000 - 0x00007fff8876a000 	C:\WINDOWS\System32\wintypes.dll
0x00007fff87d90000 - 0x00007fff885f4000 	C:\WINDOWS\System32\windows.storage.dll
0x00007fff89320000 - 0x00007fff89417000 	C:\WINDOWS\System32\SHCORE.dll
0x00007fff8a790000 - 0x00007fff8a7f7000 	C:\WINDOWS\System32\shlwapi.dll
0x00007fff873c0000 - 0x00007fff873e9000 	C:\WINDOWS\SYSTEM32\profapi.dll
0x00007fff74e40000 - 0x00007fff74e57000 	C:\Program Files\Java\jdk-25\bin\zip.dll
0x00007fff74e80000 - 0x00007fff74e92000 	C:\Program Files\Java\jdk-25\bin\net.dll
0x00007fff86740000 - 0x00007fff867ab000 	C:\WINDOWS\system32\mswsock.dll
0x00007fff74e60000 - 0x00007fff74e76000 	C:\Program Files\Java\jdk-25\bin\nio.dll
0x00007fff74c80000 - 0x00007fff74c89000 	C:\Program Files\Java\jdk-25\bin\extnet.dll
0x00007fff67190000 - 0x00007fff67314000 	C:\Program Files\Java\jdk-25\bin\awt.dll
0x00007fff84600000 - 0x00007fff8469f000 	C:\WINDOWS\SYSTEM32\apphelp.dll
0x00007fff84c60000 - 0x00007fff84c8e000 	C:\WINDOWS\system32\DWMAPI.DLL
0x00007fff849d0000 - 0x00007fff84a7a000 	C:\WINDOWS\system32\uxtheme.dll
0x00007fff585a0000 - 0x00007fff586ae000 	C:\WINDOWS\system32\opengl32.dll
0x00007fff58510000 - 0x00007fff5853d000 	C:\WINDOWS\SYSTEM32\GLU32.dll
0x00007fff84a80000 - 0x00007fff84ac3000 	C:\WINDOWS\SYSTEM32\dxcore.dll
0x00007fff89d10000 - 0x00007fff89e6d000 	C:\WINDOWS\System32\MSCTF.dll
0x00007fff73f80000 - 0x00007fff74007000 	C:\Program Files\Java\jdk-25\bin\freetype.dll
0x00007fff673c0000 - 0x00007fff674ae000 	C:\Program Files\Java\jdk-25\bin\fontmanager.dll
0x00007fff65ca0000 - 0x00007fff65de8000 	C:\WINDOWS\SYSTEM32\textinputframework.dll
0x00007fff84220000 - 0x00007fff84347000 	C:\WINDOWS\SYSTEM32\CoreMessaging.dll
0x00007fff81590000 - 0x00007fff81872000 	C:\WINDOWS\SYSTEM32\CoreUIComponents.dll
0x00007fff869a0000 - 0x00007fff869ac000 	C:\WINDOWS\SYSTEM32\CRYPTBASE.DLL

JVMTI agents:
C:\Program Files\JetBrains\IntelliJ IDEA Community Edition 2025.2.5\lib\idea_rt.jar path:C:\Program Files\Java\jdk-25\bin\instrument.dll, loaded, initialized, instrumentlib options:61884

dbghelp: loaded successfully - version: 4.0.5 - missing functions: none
symbol engine: initialized successfully - sym options: 0x614 - pdb path: .;C:\Program Files\Java\jdk-25\bin;C:\WINDOWS\SYSTEM32;C:\WINDOWS\WinSxS\amd64_microsoft.windows.common-controls_6595b64144ccf1df_6.0.26100.8037_none_3e092faae333b53b;C:\Program Files\Java\jdk-25\bin\server

VM Arguments:
jvm_args: -javaagent:C:\Program Files\JetBrains\IntelliJ IDEA Community Edition 2025.2.5\lib\idea_rt.jar=61884 -Dfile.encoding=UTF-8 -Dsun.stdout.encoding=UTF-8 -Dsun.stderr.encoding=UTF-8 
java_command: layoutManagers.GridBagLayoutExample
java_class_path (initial): C:\Users\Dell 7410\IdeaProjects\OOPs\out\production\OOPs
Launcher Type: SUN_STANDARD

[Global flags]
     intx CICompilerCount                          = 4                                         {product} {ergonomic}
     uint ConcGCThreads                            = 2                                         {product} {ergonomic}
     uint G1ConcRefinementThreads                  = 8                                         {product} {ergonomic}
   size_t G1HeapRegionSize                         = 2097152                                   {product} {ergonomic}
   size_t InitialHeapSize                          = 264241152                                 {product} {ergonomic}
   size_t MarkStackSize                            = 4194304                                   {product} {ergonomic}
   size_t MarkStackSizeMax                         = 536870912                                 {product} {ergonomic}
   size_t MaxHeapSize                              = 4208984064                                {product} {ergonomic}
   size_t MaxNewSize                               = 2524971008                                {product} {ergonomic}
   size_t MinHeapDeltaBytes                        = 2097152                                   {product} {ergonomic}
   size_t MinHeapSize                              = 8388608                                   {product} {ergonomic}
    uintx NonNMethodCodeHeapSize                   = 5832704                                {pd product} {ergonomic}
    uintx NonProfiledCodeHeapSize                  = 122945536                              {pd product} {ergonomic}
    uintx ProfiledCodeHeapSize                     = 122880000                              {pd product} {ergonomic}
    uintx ReservedCodeCacheSize                    = 251658240                              {pd product} {ergonomic}
     bool SegmentedCodeCache                       = true                                      {product} {ergonomic}
   size_t SoftMaxHeapSize                          = 4208984064                             {manageable} {ergonomic}
     bool UseCompressedOops                        = true                           {product lp64_product} {ergonomic}
     bool UseG1GC                                  = true                                      {product} {ergonomic}
     bool UseLargePagesIndividualAllocation        = false                                  {pd product} {ergonomic}

Logging:
Log output configuration:
 #0: stdout all=warning uptime,level,tags foldmultilines=false
 #1: stderr all=off uptime,level,tags foldmultilines=false

Release file:
IMPLEMENTOR="Oracle Corporation" 
JAVA_RUNTIME_VERSION="25.0.1+8-LTS-27" 
JAVA_VERSION="25.0.1" 
JAVA_VERSION_DATE="2025-10-21" 
LIBC="default" 
MODULES="java.base java.compiler java.datatransfer java.xml java.prefs java.desktop java.instrument java.logging java.management java.security.sasl java.naming java.rmi java.management.rmi java.net.http java.scripting java.security.jgss java.transaction.xa java.sql java.sql.rowset java.xml.crypto java.se java.smartcardio jdk.accessibility jdk.internal.jvmstat jdk.attach jdk.charsets jdk.internal.opt jdk.zipfs jdk.compiler jdk.crypto.cryptoki jdk.crypto.ec jdk.crypto.mscapi jdk.dynalink jdk.internal.ed jdk.editpad jdk.internal.vm.ci jdk.graal.compiler jdk.graal.compiler.management jdk.hotspot.agent jdk.httpserver jdk.incubator.vector jdk.internal.le jdk.internal.md jdk.jartool jdk.javadoc jdk.jcmd jdk.management jdk.management.agent jdk.jconsole jdk.jdeps jdk.jdwp.agent jdk.jdi jdk.jfr jdk.jlink jdk.jpackage jdk.jshell jdk.jsobject jdk.jstatd jdk.localedata jdk.management.jfr jdk.naming.dns jdk.naming.rmi jdk.net jdk.nio.mapmode jdk.sctp jdk.security.auth jdk.security.jgss jdk.unsupported jdk.unsupported.desktop jdk.xml.dom" 
OS_ARCH="x86_64" 
OS_NAME="Windows" 
SOURCE=".:git:862c85bc42b7 open:git:78770bfaefd2" 

Environment Variables:
JAVA_HOME=C:\Program Files\Java\jdk-25
PATH=C:\Program Files\Common Files\Oracle\Java\javapath;C:\WINDOWS\system32;C:\WINDOWS;C:\WINDOWS\System32\Wbem;C:\WINDOWS\System32\WindowsPowerShell\v1.0\;C:\WINDOWS\System32\OpenSSH\;C:\Program Files\Java\jdk-25\bin;C:\Users\Dell 7410\AppData\Local\Microsoft\WindowsApps;C:\Users\Dell 7410\AppData\Local\Programs\Microsoft VS Code\bin;
USERNAME=Dell 7410
OS=Windows_NT
PROCESSOR_IDENTIFIER=Intel64 Family 6 Model 142 Stepping 12, GenuineIntel
TMP=C:\Users\DELL74~1\AppData\Local\Temp
TEMP=C:\Users\DELL74~1\AppData\Local\Temp




Compilation memory statistics disabled.

Periodic native trim disabled

---------------  S Y S T E M  ---------------

OS:
 Windows 11 , 64 bit Build 26100 (10.0.26100.7920)
OS uptime: 0 days 1:07 hours
Hyper-V role detected

CPU: total 8 (initial active 8) (4 cores per cpu, 2 threads per core) family 6 model 142 stepping 12 microcode 0xfe, cx8, cmov, fxsr, ht, mmx, 3dnowpref, sse, sse2, sse3, ssse3, sse4.1, sse4.2, popcnt, lzcnt, tsc, tscinvbit, avx, avx2, aes, erms, clmul, bmi1, bmi2, adx, fma, vzeroupper, clflush, clflushopt, hv, rdtscp, f16c
Processor Information for the first 8 processors :
  Max Mhz: 2304, Current Mhz: 1803, Mhz Limit: 1797

Memory: 4k page, system-wide physical 16051M (8801M free)
TotalPageFile size 17075M (AvailPageFile size 9981M)
current process WorkingSet (physical memory assigned to process): 102M, peak: 102M
current process commit charge ("private bytes"): 358M, peak: 362M

vm_info: Java HotSpot(TM) 64-Bit Server VM (25.0.1+8-LTS-27) for windows-amd64 JRE (25.0.1+8-LTS-27), built on 2025-09-25T16:41:16Z with unknown MS VC++:1943

END.
